{"name": "test_post_negative_missing_password", "status": "failed", "statusDetails": {"message": "AssertionError: assert 200 == 400\n +  where 200 = <Response [200]>.status_code", "trace": "base_url = 'http://127.0.0.1:8088', hash_endpoint = '/hash', headers = {'Accept': 'application/json'}\n\n    @mark.regression  # Include as part of regression tests\n    @mark.password_hash  # Include as part of password_hash test suite\n    def test_post_negative_missing_password(base_url, hash_endpoint, headers):\n        url = base_url + hash_endpoint\n    \n        payload = \"{ \\\"password\\\":\\\"\\\"\\r\\n}\"\n        headers = headers\n    \n        response = requests.request(\"POST\", url, headers=headers, data=payload)\n        print(response.text)\n>       assert response.status_code == 400  # Should get 400 since no password is sent\nE       assert 200 == 400\nE        +  where 200 = <Response [200]>.status_code\n\ntests\\password_hashing\\functional_tests\\test_password_hash.py:41: AssertionError"}, "start": 1622943723832, "stop": 1622943728843, "uuid": "67537c48-cb27-4036-9654-cb986b32b169", "historyId": "c325177606d4a816e14756d1fe18a1f4", "testCaseId": "0272797f8fc5f022f5219489ae86a8ca", "fullName": "tests.password_hashing.functional_tests.test_password_hash#test_post_negative_missing_password", "labels": [{"name": "tag", "value": "password_hash"}, {"name": "tag", "value": "regression"}, {"name": "parentSuite", "value": "tests.password_hashing.functional_tests"}, {"name": "suite", "value": "test_password_hash"}, {"name": "host", "value": "LAPTOP-HC2OU9BU"}, {"name": "thread", "value": "15516-MainThread"}, {"name": "framework", "value": "pytest"}, {"name": "language", "value": "cpython3"}, {"name": "package", "value": "tests.password_hashing.functional_tests.test_password_hash"}]}