{"name": "test_post_hash_endpoint", "status": "failed", "statusDetails": {"message": "AssertionError: assert 405 == 200\n +  where 405 = <Response [405]>.status_code", "trace": "base_url = 'http://127.0.0.1:8088/', post_payload = '{ \"password\":\"myFactory.words()\"\\r\\n}', headers = {'Accept': 'application/json'}\n\n    @mark.smoke  # Include as part of smoke tests\n    @mark.regression  # Include as part of regression tests\n    @mark.password_hash  # Include as part of password_hash test suite\n    # Creating post request test for hash endpoint\n    def test_post_hash_endpoint(base_url, post_payload, headers):\n        url = base_url + '/hash'\n        # url = \"http://127.0.0.1:8088/hash\"\n        payload = post_payload\n        headers = headers\n    \n        response = requests.request(\"POST\", url, headers=headers, data=payload)  # Create variable to capture response\n        print(response.text)\n>       assert response.status_code == 200\nE       assert 405 == 200\nE        +  where 405 = <Response [405]>.status_code\n\ntests\\password_hashing\\functional_tests\\test_password_hash.py:27: AssertionError"}, "start": 1622941526962, "stop": 1622941526975, "uuid": "a01eed8c-f13c-4718-809e-456a2788a466", "historyId": "5f88e1f6f2981b340b956487bf1150ee", "testCaseId": "7230d199f8f39f0f09bf28d30155cc8b", "fullName": "tests.password_hashing.functional_tests.test_password_hash#test_post_hash_endpoint", "labels": [{"name": "tag", "value": "smoke"}, {"name": "tag", "value": "regression"}, {"name": "tag", "value": "password_hash"}, {"name": "parentSuite", "value": "tests.password_hashing.functional_tests"}, {"name": "suite", "value": "test_password_hash"}, {"name": "host", "value": "LAPTOP-HC2OU9BU"}, {"name": "thread", "value": "4060-MainThread"}, {"name": "framework", "value": "pytest"}, {"name": "language", "value": "cpython3"}, {"name": "package", "value": "tests.password_hashing.functional_tests.test_password_hash"}]}