{"name": "test_new_hash_endpoint", "status": "failed", "statusDetails": {"message": "AssertionError: assert 405 == 200\n +  where 405 = <Response [405]>.status_code", "trace": "base_url = 'http://127.0.0.1:8088/', hash_endpoint = '/hash', post_payload = None, headers = None\n\n    @mark.smoke  # Include as part of smoke tests\n    @mark.regression  # Include as part of regression tests\n    @mark.password_hash  # Include as part of password_hash test suite\n    # Creating post request test for hash endpoint\n    def test_new_hash_endpoint(base_url, hash_endpoint, post_payload, headers):\n        url = base_url + hash_endpoint\n        payload = post_payload\n        headers = headers\n    \n        response = requests.request(\"POST\", url, headers=headers, data=payload)  # Create variable to capture response\n        print(response.text)\n>       assert response.status_code == 200\nE       assert 405 == 200\nE        +  where 405 = <Response [405]>.status_code\n\ntests\\password_hashing\\functional_tests\\test_password_hash.py:26: AssertionError"}, "start": 1622938935586, "stop": 1622938935603, "uuid": "d74658f0-3ae0-4691-b031-2569e044f9d2", "historyId": "b09c39cb45a2f77b01802b057bcdc738", "testCaseId": "1be2e7650c9d1c94b915b17ad7fb4e11", "fullName": "tests.password_hashing.functional_tests.test_password_hash#test_new_hash_endpoint", "labels": [{"name": "tag", "value": "password_hash"}, {"name": "tag", "value": "smoke"}, {"name": "tag", "value": "regression"}, {"name": "parentSuite", "value": "tests.password_hashing.functional_tests"}, {"name": "suite", "value": "test_password_hash"}, {"name": "host", "value": "LAPTOP-HC2OU9BU"}, {"name": "thread", "value": "24600-MainThread"}, {"name": "framework", "value": "pytest"}, {"name": "language", "value": "cpython3"}, {"name": "package", "value": "tests.password_hashing.functional_tests.test_password_hash"}]}