{"name": "test_get_functions_as_expected", "status": "failed", "statusDetails": {"message": "AssertionError: assert 405 == 200\n +  where 405 = <Response [405]>.status_code", "trace": "base_url = 'http://127.0.0.1:8088/', hash_endpoint = '/hash', post_headers = None\n\n    @mark.smoke\n    @mark.regression\n    @mark.password_hash\n    def test_get_functions_as_expected(base_url, hash_endpoint, post_headers):\n    \n        url = base_url + hash_endpoint\n        headers = post_headers\n    \n        response = requests.request(\"GET\", url, headers=headers)\n    \n        print(response.text)\n>       assert response.status_code == 200\nE       assert 405 == 200\nE        +  where 405 = <Response [405]>.status_code\n\ntests\\password_hashing\\functional_tests\\test_password_hash.py:40: AssertionError"}, "start": 1622938781383, "stop": 1622938781399, "uuid": "415dd9d9-beea-4f64-ae5e-c750e63c6ea9", "historyId": "5bb556b0c0f01ca7e2e5d46bd1d9d2a0", "testCaseId": "74d695968f15ad9648b3896fc323fe08", "fullName": "tests.password_hashing.functional_tests.test_password_hash#test_get_functions_as_expected", "labels": [{"name": "tag", "value": "password_hash"}, {"name": "tag", "value": "smoke"}, {"name": "tag", "value": "regression"}, {"name": "parentSuite", "value": "tests.password_hashing.functional_tests"}, {"name": "suite", "value": "test_password_hash"}, {"name": "host", "value": "LAPTOP-HC2OU9BU"}, {"name": "thread", "value": "24392-MainThread"}, {"name": "framework", "value": "pytest"}, {"name": "language", "value": "cpython3"}, {"name": "package", "value": "tests.password_hashing.functional_tests.test_password_hash"}]}